<?xml version="1.0" encoding="UTF-8"?>
<testng-results ignored="0" total="1" passed="1" failed="0" skipped="0">
  <reporter-output>
    <line>
      <![CDATA[oprnrd]]>
    </line>
    <line>
      <![CDATA[ sucessfully navigated to url and eneterd into login page ]]>
    </line>
  </reporter-output>
  <suite started-at="2024-05-26T11:49:45 IST" name="Default suite" finished-at="2024-05-26T11:49:51 IST" duration-ms="5186">
    <groups>
    </groups>
    <test started-at="2024-05-26T11:49:45 IST" name="Default test" finished-at="2024-05-26T11:49:51 IST" duration-ms="5186">
      <class name="PomScripts.LoginTest">
        <test-method is-config="true" signature="launch_browser()[pri:0, instance:PomScripts.LoginTest@3e27aa33]" started-at="2024-05-26T11:49:45 IST" name="launch_browser" finished-at="2024-05-26T11:49:49 IST" duration-ms="3859" status="PASS">
          <reporter-output>
            <line>
              <![CDATA[oprnrd]]>
            </line>
          </reporter-output>
        </test-method> <!-- launch_browser -->
        <test-method signature="LoginTest()[pri:0, instance:PomScripts.LoginTest@3e27aa33]" started-at="2024-05-26T11:49:49 IST" name="LoginTest" finished-at="2024-05-26T11:49:50 IST" duration-ms="924" status="PASS">
          <reporter-output>
            <line>
              <![CDATA[ sucessfully navigated to url and eneterd into login page ]]>
            </line>
          </reporter-output>
        </test-method> <!-- LoginTest -->
        <test-method is-config="true" signature="close_browser()[pri:0, instance:PomScripts.LoginTest@3e27aa33]" started-at="2024-05-26T11:49:50 IST" name="close_browser" finished-at="2024-05-26T11:49:51 IST" duration-ms="339" status="PASS">
          <reporter-output>
          </reporter-output>
        </test-method> <!-- close_browser -->
      </class> <!-- PomScripts.LoginTest -->
    </test> <!-- Default test -->
  </suite> <!-- Default suite -->
</testng-results>
